<?xml version="1.0" encoding="UTF-8"?>
<testng-results skipped="0" failed="0" ignored="0" total="3" passed="3">
  <reporter-output>
  </reporter-output>
  <suite name="Suite" duration-ms="78531" started-at="2018-01-01T14:20:16Z" finished-at="2018-01-01T14:21:35Z">
    <groups>
    </groups>
    <test name="Test" duration-ms="78531" started-at="2018-01-01T14:20:16Z" finished-at="2018-01-01T14:21:35Z">
      <class name="testcases.TC_002">
        <test-method status="PASS" signature="testcase1()[pri:0, instance:testcases.TC_002@4e04a765]" name="testcase1" duration-ms="23297" started-at="2018-01-01T22:20:46Z" finished-at="2018-01-01T22:21:09Z">
          <reporter-output>
          </reporter-output>
        </test-method> <!-- testcase1 -->
      </class> <!-- testcases.TC_002 -->
      <class name="testcases.TC_001">
        <test-method status="PASS" signature="testcase1()[pri:0, instance:testcases.TC_001@3b81a1bc]" name="testcase1" duration-ms="29395" started-at="2018-01-01T22:20:16Z" finished-at="2018-01-01T22:20:46Z">
          <reporter-output>
          </reporter-output>
        </test-method> <!-- testcase1 -->
      </class> <!-- testcases.TC_001 -->
      <class name="testcases.TC_003">
        <test-method status="PASS" signature="testcase1()[pri:0, instance:testcases.TC_003@783e6358]" name="testcase1" duration-ms="25759" started-at="2018-01-01T22:21:09Z" finished-at="2018-01-01T22:21:35Z">
          <reporter-output>
          </reporter-output>
        </test-method> <!-- testcase1 -->
      </class> <!-- testcases.TC_003 -->
    </test> <!-- Test -->
  </suite> <!-- Suite -->
</testng-results>
